<?xml version="1.0" encoding="UTF-8"?>
<!-- Generated by org.testng.reporters.JUnitXMLReporter -->
<testsuite ignored="0" hostname="LAPTOP-OSSSU5EG" failures="1" tests="1" name="Test on chrome" time="23.707" errors="0" timestamp="2025-12-16T18:08:48 IST">
  <testcase classname="package1.project1.TestCase11" name="AddingtoCart" time="10.784">
    <failure type="java.lang.AssertionError" message="Login Successful expected [Online Shopping site in India: Shop Online for Mobiles, Books, Watches, Shoes and More - Amazon.in] but found [Authentication required]">
      <![CDATA[java.lang.AssertionError: Login Successful expected [Online Shopping site in India: Shop Online for Mobiles, Books, Watches, Shoes and More - Amazon.in] but found [Authentication required]
at package1.project1.TestCase2.loginwithvalidcred(TestCase2.java:34)
at package1.project1.TestCase11.AddingtoCart(TestCase11.java:28)
at java.base/java.util.ArrayList.forEach(ArrayList.java:1596)
... Removed 30 stack frames]]>
    </failure>
  </testcase> <!-- AddingtoCart -->
</testsuite> <!-- Test on chrome -->
