<?xml version="1.0" encoding="UTF-8"?>
<testng-results ignored="0" total="1" passed="1" failed="0" skipped="0">
  <reporter-output>
    <line>
      <![CDATA[Chrome browser is launched]]>
    </line>
    <line>
      <![CDATA[Launching Amazon home page]]>
    </line>
    <line>
      <![CDATA[From Home Page-Hoverover on Accounts and List->Click on SignIn]]>
    </line>
    <line>
      <![CDATA[Login was successful with valid username and vailid password]]>
    </line>
    <line>
      <![CDATA[Testcase is pass- Listeners logic is started]]>
    </line>
    <line>
      <![CDATA[Screenshot is completed]]>
    </line>
    <line>
      <![CDATA[browser quits]]>
    </line>
  </reporter-output>
  <suite started-at="2025-10-25T21:55:26 IST" name="Integration Suite" finished-at="2025-10-25T21:56:12 IST" duration-ms="46001">
    <groups>
    </groups>
    <test started-at="2025-10-25T21:55:26 IST" name="Testing on Chrome" finished-at="2025-10-25T21:56:12 IST" duration-ms="46001">
      <class name="package1.project1.TestCase1_LoginToAmazon">
        <test-method is-config="true" signature="launch(java.lang.String)[pri:0, instance:package1.project1.TestCase1_LoginToAmazon@56620197]" started-at="2025-10-25T21:55:27 IST" name="launch" finished-at="2025-10-25T21:55:54 IST" duration-ms="26962" status="PASS">
          <params>
            <param index="0">
              <value>
                <![CDATA[chrome]]>
              </value>
            </param>
          </params>
          <reporter-output>
            <line>
              <![CDATA[Chrome browser is launched]]>
            </line>
            <line>
              <![CDATA[Launching Amazon home page]]>
            </line>
          </reporter-output>
        </test-method> <!-- launch -->
        <test-method signature="withValidCrede()[pri:0, instance:package1.project1.TestCase1_LoginToAmazon@56620197]" started-at="2025-10-25T21:55:54 IST" name="withValidCrede" finished-at="2025-10-25T21:56:09 IST" duration-ms="15017" status="PASS">
          <reporter-output>
            <line>
              <![CDATA[From Home Page-Hoverover on Accounts and List->Click on SignIn]]>
            </line>
            <line>
              <![CDATA[Login was successful with valid username and vailid password]]>
            </line>
            <line>
              <![CDATA[Testcase is pass- Listeners logic is started]]>
            </line>
            <line>
              <![CDATA[Screenshot is completed]]>
            </line>
          </reporter-output>
        </test-method> <!-- withValidCrede -->
        <test-method is-config="true" signature="quit()[pri:0, instance:package1.project1.TestCase1_LoginToAmazon@56620197]" started-at="2025-10-25T21:56:09 IST" name="quit" finished-at="2025-10-25T21:56:12 IST" duration-ms="3732" status="PASS">
          <reporter-output>
            <line>
              <![CDATA[browser quits]]>
            </line>
          </reporter-output>
        </test-method> <!-- quit -->
      </class> <!-- package1.project1.TestCase1_LoginToAmazon -->
    </test> <!-- Testing on Chrome -->
  </suite> <!-- Integration Suite -->
</testng-results>
