<?xml version="1.0" encoding="UTF-8"?>
<testng-results ignored="0" total="1" passed="1" failed="0" skipped="0">
  <reporter-output>
    <line>
      <![CDATA[Chrome browser is launched]]>
    </line>
    <line>
      <![CDATA[Launching Amazon home page]]>
    </line>
    <line>
      <![CDATA[Product search finished]]>
    </line>
    <line>
      <![CDATA[Search results displayed]]>
    </line>
    <line>
      <![CDATA[Product1 link is clicked]]>
    </line>
    <line>
      <![CDATA[now Handling Product1 page]]>
    </line>
    <line>
      <![CDATA[Product1 added to cart]]>
    </line>
    <line>
      <![CDATA[opening cart page]]>
    </line>
    <line>
      <![CDATA[browser quits]]>
    </line>
  </reporter-output>
  <suite started-at="2025-12-18T15:22:57 IST" name="Suite" finished-at="2025-12-18T15:23:51 IST" duration-ms="53902">
    <groups>
    </groups>
    <test started-at="2025-12-18T15:22:57 IST" name="Test" finished-at="2025-12-18T15:23:51 IST" duration-ms="53902">
      <class name="package1.project1.TestCase15">
        <test-method is-config="true" signature="launch(java.lang.String)[pri:0, instance:package1.project1.TestCase15@1e800aaa]" started-at="2025-12-18T15:22:57 IST" name="launch" finished-at="2025-12-18T15:23:12 IST" duration-ms="14730" status="PASS">
          <params>
            <param index="0">
              <value>
                <![CDATA[chrome]]>
              </value>
            </param>
          </params>
          <reporter-output>
            <line>
              <![CDATA[Chrome browser is launched]]>
            </line>
            <line>
              <![CDATA[Launching Amazon home page]]>
            </line>
          </reporter-output>
        </test-method> <!-- launch -->
        <test-method signature="rating()[pri:0, instance:package1.project1.TestCase15@1e800aaa]" started-at="2025-12-18T15:23:12 IST" name="rating" finished-at="2025-12-18T15:23:51 IST" duration-ms="39059" status="PASS">
          <reporter-output>
            <line>
              <![CDATA[Product search finished]]>
            </line>
            <line>
              <![CDATA[Search results displayed]]>
            </line>
            <line>
              <![CDATA[Product1 link is clicked]]>
            </line>
            <line>
              <![CDATA[now Handling Product1 page]]>
            </line>
            <line>
              <![CDATA[Product1 added to cart]]>
            </line>
            <line>
              <![CDATA[opening cart page]]>
            </line>
          </reporter-output>
        </test-method> <!-- rating -->
        <test-method is-config="true" signature="quit()[pri:0, instance:package1.project1.TestCase15@1e800aaa]" started-at="2025-12-18T15:23:51 IST" name="quit" finished-at="2025-12-18T15:23:51 IST" duration-ms="10" status="PASS">
          <reporter-output>
            <line>
              <![CDATA[browser quits]]>
            </line>
          </reporter-output>
        </test-method> <!-- quit -->
      </class> <!-- package1.project1.TestCase15 -->
    </test> <!-- Test -->
  </suite> <!-- Suite -->
</testng-results>
