<?xml version="1.0" encoding="UTF-8"?>
<!-- Generated by org.testng.reporters.JUnitReportReporter -->
<testsuite hostname="LAPTOP-OSSSU5EG" failures="0" tests="1" name="package1.project1.TestCase13" time="86.638" errors="0" timestamp="2025-12-18T14:54:18 IST" skipped="0">
  <testcase classname="package1.project1.TestCase13" name="couponcode" time="86.638">
    <system-out>
      <![CDATA[From Home Page-Hoverover on Accounts and List->Click on SignIn
Login was successful with valid username and vailid password
Product search finished
Search results displayed
Product1 link is clicked
now Handling Product1 page
clicked buy now button - entering checkout page
clicked on change address button
checkout address selected
confirming selected checkout address
confirming the payment method]]>
    </system-out>
  </testcase> <!-- couponcode -->
  <system-out>
    <![CDATA[Chrome browser is launched
Launching Amazon home page
From Home Page-Hoverover on Accounts and List->Click on SignIn
Login was successful with valid username and vailid password
Product search finished
Search results displayed
Product1 link is clicked
now Handling Product1 page
clicked buy now button - entering checkout page
clicked on change address button
checkout address selected
confirming selected checkout address
confirming the payment method
browser quits]]>
  </system-out>
</testsuite> <!-- package1.project1.TestCase13 -->
