<?xml version="1.0" encoding="UTF-8"?>
<!-- Generated by org.testng.reporters.JUnitReportReporter -->
<testsuite hostname="LAPTOP-OSSSU5EG" failures="0" tests="1" name="package1.project1.TestCase4" time="50.867" errors="0" timestamp="2025-12-12T21:12:03 IST" skipped="0">
  <testcase classname="package1.project1.TestCase4" name="profileUpdation" time="50.867">
    <system-out>
      <![CDATA[From Home Page-Hoverover on Accounts and List->Click on SignIn
Login was successful with valid username and vailid password
Entering Profile page from home page
Successfully updated profile]]>
    </system-out>
  </testcase> <!-- profileUpdation -->
  <system-out>
    <![CDATA[Chrome browser is launched
Launching Amazon home page
From Home Page-Hoverover on Accounts and List->Click on SignIn
Login was successful with valid username and vailid password
Entering Profile page from home page
Successfully updated profile
browser quits]]>
  </system-out>
</testsuite> <!-- package1.project1.TestCase4 -->
