<?xml version="1.0" encoding="UTF-8"?>
<!-- Generated by org.testng.reporters.JUnitReportReporter -->
<testsuite hostname="LAPTOP-OSSSU5EG" failures="0" tests="1" name="package1.project1.TestCase5" time="39.069" errors="0" timestamp="2025-12-13T00:00:17 IST" skipped="0">
  <testcase classname="package1.project1.TestCase5" name="SearchingProduct" time="39.069">
    <system-out>
      <![CDATA[From Home Page-Hoverover on Accounts and List->Click on SignIn
Login was successful with valid username and vailid password]]>
    </system-out>
  </testcase> <!-- SearchingProduct -->
  <system-out>
    <![CDATA[Chrome browser is launched
Launching Amazon home page
From Home Page-Hoverover on Accounts and List->Click on SignIn
Login was successful with valid username and vailid password
browser quits]]>
  </system-out>
</testsuite> <!-- package1.project1.TestCase5 -->
