<?xml version="1.0" encoding="UTF-8"?>
<!-- Generated by org.testng.reporters.JUnitReportReporter -->
<testsuite hostname="LAPTOP-OSSSU5EG" failures="0" tests="1" name="package1.project1.TestCase2" time="26.247" errors="0" timestamp="2025-12-12T16:28:09 IST" skipped="0">
  <testcase classname="package1.project1.TestCase2" name="loginwithvalidcred" time="26.247">
    <system-out>
      <![CDATA[From Home Page-Hoverover on Accounts and List->Click on SignIn
Login was successful with valid username and vailid password]]>
    </system-out>
  </testcase> <!-- loginwithvalidcred -->
  <system-out>
    <![CDATA[Chrome browser is launched
Launching Amazon home page
From Home Page-Hoverover on Accounts and List->Click on SignIn
Login was successful with valid username and vailid password
browser quits]]>
  </system-out>
</testsuite> <!-- package1.project1.TestCase2 -->
