<?xml version="1.0" encoding="UTF-8"?>
<!-- Generated by org.testng.reporters.JUnitReportReporter -->
<testsuite hostname="LAPTOP-OSSSU5EG" failures="0" tests="1" name="package1.project1.TestCase8" time="260.064" errors="0" timestamp="2025-12-13T21:50:59 IST" skipped="0">
  <testcase classname="package1.project1.TestCase8" name="ProductSortingchecking" time="260.064">
    <system-out>
      <![CDATA[From Home Page-Hoverover on Accounts and List->Click on SignIn
Login was successful with valid username and vailid password
Product search finished
Product sorted according to price high to low
Product sort checked]]>
    </system-out>
  </testcase> <!-- ProductSortingchecking -->
  <system-out>
    <![CDATA[Chrome browser is launched
Launching Amazon home page
From Home Page-Hoverover on Accounts and List->Click on SignIn
Login was successful with valid username and vailid password
Product search finished
Product sorted according to price high to low
Product sort checked
browser quits]]>
  </system-out>
</testsuite> <!-- package1.project1.TestCase8 -->
