<?xml version="1.0" encoding="UTF-8"?>
<!-- Generated by org.testng.reporters.JUnitReportReporter -->
<testsuite hostname="LAPTOP-OSSSU5EG" failures="0" tests="1" name="package1.project1.TestCase14" time="70.605" errors="0" timestamp="2025-12-18T14:52:04 IST" skipped="0">
  <testcase classname="package1.project1.TestCase14" name="rating" time="70.605">
    <system-out>
      <![CDATA[From Home Page-Hoverover on Accounts and List->Click on SignIn
Login was successful with valid username and vailid password
moving from home page to orders page
opening review section of last ordered product
gave 5 star rating]]>
    </system-out>
  </testcase> <!-- rating -->
  <system-out>
    <![CDATA[Chrome browser is launched
Launching Amazon home page
From Home Page-Hoverover on Accounts and List->Click on SignIn
Login was successful with valid username and vailid password
moving from home page to orders page
opening review section of last ordered product
gave 5 star rating
browser quits]]>
  </system-out>
</testsuite> <!-- package1.project1.TestCase14 -->
