<?xml version="1.0" encoding="UTF-8"?>
<!-- Generated by org.testng.reporters.JUnitReportReporter -->
<testsuite hostname="LAPTOP-OSSSU5EG" failures="0" tests="1" name="package1.project1.TestCase1_SignuptoAmazon" time="24.658" errors="0" timestamp="2025-12-12T14:03:56 IST" skipped="0">
  <testcase classname="package1.project1.TestCase1_SignuptoAmazon" name="withValidCrede" time="24.658">
    <system-out>
      <![CDATA[From Home Page-Hoverover on Accounts and List->Click on SignIn
From Login Page to Signup Page
OTP sent for authentication
Login was successful with valid username and vailid password]]>
    </system-out>
  </testcase> <!-- withValidCrede -->
  <system-out>
    <![CDATA[Chrome browser is launched
Launching Amazon home page
From Home Page-Hoverover on Accounts and List->Click on SignIn
From Login Page to Signup Page
OTP sent for authentication
Login was successful with valid username and vailid password
browser quits]]>
  </system-out>
</testsuite> <!-- package1.project1.TestCase1_SignuptoAmazon -->
