<?xml version="1.0" encoding="UTF-8"?>
<!-- Generated by org.testng.reporters.JUnitReportReporter -->
<testsuite hostname="LAPTOP-OSSSU5EG" failures="0" tests="1" name="package1.project1.TestCase15" time="53.799" errors="0" timestamp="2025-12-18T15:23:54 IST" skipped="0">
  <testcase classname="package1.project1.TestCase15" name="rating" time="53.799">
    <system-out>
      <![CDATA[Product search finished
Search results displayed
Product1 link is clicked
now Handling Product1 page
Product1 added to cart
opening cart page]]>
    </system-out>
  </testcase> <!-- rating -->
  <system-out>
    <![CDATA[Chrome browser is launched
Launching Amazon home page
Product search finished
Search results displayed
Product1 link is clicked
now Handling Product1 page
Product1 added to cart
opening cart page
browser quits]]>
  </system-out>
</testsuite> <!-- package1.project1.TestCase15 -->
