<?xml version="1.0" encoding="UTF-8"?>
<!-- Generated by org.testng.reporters.JUnitReportReporter -->
<testsuite hostname="LAPTOP-OSSSU5EG" failures="0" tests="1" name="package1.project1.TestCase3_LoginToAmazonSearchLogout" time="74.920" errors="0" timestamp="2025-12-12T16:26:54 IST" skipped="0">
  <testcase classname="package1.project1.TestCase3_LoginToAmazonSearchLogout" name="withValidCrede" time="74.920">
    <system-out>
      <![CDATA[From Home Page-Hoverover on Accounts and List->Click on SignIn
Login was successful with valid username and vailid password
Searching the product on Amazon
Trying logout -> Hoverover on Account an List
Click on SignOut-> Logout is completed]]>
    </system-out>
  </testcase> <!-- withValidCrede -->
  <system-out>
    <![CDATA[Chrome browser is launched
Launching Amazon home page
From Home Page-Hoverover on Accounts and List->Click on SignIn
Login was successful with valid username and vailid password
Searching the product on Amazon
Trying logout -> Hoverover on Account an List
Click on SignOut-> Logout is completed
browser quits]]>
  </system-out>
</testsuite> <!-- package1.project1.TestCase3_LoginToAmazonSearchLogout -->
