<?xml version="1.0" encoding="UTF-8"?>
<!-- Generated by org.testng.reporters.JUnitReportReporter -->
<testsuite hostname="LAPTOP-OSSSU5EG" failures="0" tests="1" name="package1.project1.TestCase9" time="56.655" errors="0" timestamp="2025-12-14T01:39:51 IST" skipped="0">
  <testcase classname="package1.project1.TestCase9" name="AddingtoCart" time="56.655">
    <system-out>
      <![CDATA[From Home Page-Hoverover on Accounts and List->Click on SignIn
Login was successful with valid username and vailid password
Product search finished
Search results displayed
Product1 link is clicked
now Handling Product1 page
Product1 added to cart
now Handling productresults page
Product2 link is clicked
now Handling Product2 page
Product2 added to cart]]>
    </system-out>
  </testcase> <!-- AddingtoCart -->
  <system-out>
    <![CDATA[Chrome browser is launched
Launching Amazon home page
From Home Page-Hoverover on Accounts and List->Click on SignIn
Login was successful with valid username and vailid password
Product search finished
Search results displayed
Product1 link is clicked
now Handling Product1 page
Product1 added to cart
now Handling productresults page
Product2 link is clicked
now Handling Product2 page
Product2 added to cart
browser quits]]>
  </system-out>
</testsuite> <!-- package1.project1.TestCase9 -->
