<?xml version="1.0" encoding="UTF-8"?>
<!-- Generated by org.testng.reporters.JUnitReportReporter -->
<testsuite hostname="LAPTOP-OSSSU5EG" failures="0" tests="1" name="package1.project1.TestCase10" time="80.409" errors="0" timestamp="2025-12-14T02:46:41 IST" skipped="0">
  <testcase classname="package1.project1.TestCase10" name="AddingtoCart" time="80.409">
    <system-out>
      <![CDATA[From Home Page-Hoverover on Accounts and List->Click on SignIn
Login was successful with valid username and vailid password
Product search finished
Search results displayed
Product1 link is clicked
now Handling Product1 page
Product1 added to cart
opening cart page
incremented 1st item in cart
decremented 1st item in cart]]>
    </system-out>
  </testcase> <!-- AddingtoCart -->
  <system-out>
    <![CDATA[Chrome browser is launched
Launching Amazon home page
From Home Page-Hoverover on Accounts and List->Click on SignIn
Login was successful with valid username and vailid password
Product search finished
Search results displayed
Product1 link is clicked
now Handling Product1 page
Product1 added to cart
opening cart page
incremented 1st item in cart
decremented 1st item in cart
browser quits]]>
  </system-out>
</testsuite> <!-- package1.project1.TestCase10 -->
