<?xml version="1.0" encoding="UTF-8"?>
<!-- Generated by org.testng.reporters.JUnitReportReporter -->
<testsuite hostname="LAPTOP-OSSSU5EG" failures="0" tests="1" name="package1.project1.TestCase7" time="42.856" errors="0" timestamp="2025-12-13T20:37:11 IST" skipped="0">
  <testcase classname="package1.project1.TestCase7" name="ProductDetails" time="42.856">
    <system-out>
      <![CDATA[From Home Page-Hoverover on Accounts and List->Click on SignIn
Login was successful with valid username and vailid password
Product search finished
Clicked on a Product
Handling Product page
checked for product title  displayed or not
checked for product price displayed or not
checked for product review displayed or not
checked for product detail displayed or not]]>
    </system-out>
  </testcase> <!-- ProductDetails -->
  <system-out>
    <![CDATA[Chrome browser is launched
Launching Amazon home page
From Home Page-Hoverover on Accounts and List->Click on SignIn
Login was successful with valid username and vailid password
Product search finished
Clicked on a Product
Handling Product page
checked for product title  displayed or not
checked for product price displayed or not
checked for product review displayed or not
checked for product detail displayed or not
browser quits]]>
  </system-out>
</testsuite> <!-- package1.project1.TestCase7 -->
