<?xml version="1.0" encoding="UTF-8"?>
<!-- Generated by org.testng.reporters.JUnitReportReporter -->
<testsuite hostname="LAPTOP-OSSSU5EG" failures="0" tests="1" name="package1.project1.TestCase2_LoginToAmazonandLogout" time="27.616" errors="0" timestamp="2025-11-07T14:02:26 IST" skipped="0">
  <testcase classname="package1.project1.TestCase2_LoginToAmazonandLogout" name="withValidCrede" time="27.616">
    <system-out>
      <![CDATA[From Home Page-Hoverover on Accounts and List->Click on SignIn
Login was successful with valid username and vailid password
Trying logout -> Hoverover on Account an List
Click on SignOut-> Logout is completed
Testcase is pass- Listeners logic is started
Screenshot is completed]]>
    </system-out>
  </testcase> <!-- withValidCrede -->
  <system-out>
    <![CDATA[Chrome browser is launched
Launching Amazon home page
From Home Page-Hoverover on Accounts and List->Click on SignIn
Login was successful with valid username and vailid password
Trying logout -> Hoverover on Account an List
Click on SignOut-> Logout is completed
Testcase is pass- Listeners logic is started
Screenshot is completed
browser quits]]>
  </system-out>
</testsuite> <!-- package1.project1.TestCase2_LoginToAmazonandLogout -->
